00:02:00: Creating resource group General
00:02:00: Creating resource group Internal
00:02:00: Creating resource group Autodetect
00:02:00: Registering ResourceManager for type Material
00:02:00: Registering ResourceManager for type Skeleton
00:02:00: Registering ResourceManager for type Mesh
00:02:00: MeshSerializer writing mesh data to stream ...
00:02:00: File header written.
00:02:00: Writing mesh data...
00:02:00: Writing submesh...
00:02:00: Exporting submesh texture aliases...
00:02:00: Submesh texture aliases exported.
00:02:00: Submesh exported.
00:02:00: Writing submesh...
00:02:00: Exporting submesh texture aliases...
00:02:00: Submesh texture aliases exported.
00:02:00: Submesh exported.
00:02:00: Exporting bounds information....
00:02:00: Bounds information exported.
00:02:00: Exporting submesh name table...
00:02:00: Submesh name table exported.
00:02:00: Exporting edge lists...
00:02:00: Edge lists exported
00:02:00: Mesh data exported.
00:02:00: MeshSerializer export successful.
00:02:00: Unregistering ResourceManager for type Mesh
00:02:00: Unregistering ResourceManager for type Skeleton
00:02:00: Unregistering ResourceManager for type Material
