22:38:31: Creating resource group General
22:38:31: Creating resource group Internal
22:38:31: Creating resource group Autodetect
22:38:31: Registering ResourceManager for type Mesh
22:38:31: Registering ResourceManager for type Material
22:38:31: Registering ResourceManager for type Skeleton
22:38:31: XMLMeshSerializer reading mesh data from /home/bazin_q/Téléchargements/Tileset_combined_binary/Tileset_combined_binary/Water_11111111.mesh.xml...
22:38:31: Reading geometry...
22:38:31: Geometry done...
22:38:31: Reading submeshes...
22:38:31: Submeshes done.
22:38:31: Reading mesh names...
22:38:31: Mesh names done.
22:38:31: XMLMeshSerializer import successful.
22:38:31: Reorganising vertex buffers to automatic layout...
22:38:31: MeshSerializer writing mesh data to stream ...
22:38:31: File header written.
22:38:31: Writing mesh data...
22:38:31: Writing submesh...
22:38:31: Exporting submesh texture aliases...
22:38:31: Submesh texture aliases exported.
22:38:31: Submesh exported.
22:38:31: Writing submesh...
22:38:31: Exporting submesh texture aliases...
22:38:31: Submesh texture aliases exported.
22:38:31: Submesh exported.
22:38:31: Exporting bounds information....
22:38:31: Bounds information exported.
22:38:31: Exporting submesh name table...
22:38:31: Submesh name table exported.
22:38:31: Mesh data exported.
22:38:31: MeshSerializer export successful.
22:38:31: Unregistering ResourceManager for type Skeleton
22:38:31: Unregistering ResourceManager for type Material
22:38:31: Unregistering ResourceManager for type Mesh
